# JRE version: Java(TM) SE Runtime Environment 18.9 (11.0.13+10) (build 11.0.13+10-LTS-370)
# Java VM: Java HotSpot(TM) 64-Bit Server VM 18.9 (11.0.13+10-LTS-370, mixed mode, tiered, compressed oops, g1 gc, windows-amd64)
Heap:
 garbage-first heap   total 157696K, used 13214K [0x0000000080000000, 0x0000000100000000)
  region size 1024K, 3 young (3072K), 3 survivors (3072K)
 Metaspace       used 26305K, capacity 27134K, committed 27264K, reserved 1073152K
  class space    used 3333K, capacity 3678K, committed 3712K, reserved 1048576K
GC Heap History (10 events):
Event: 1.394 GC heap after
{Heap after GC invocations=2 (full 0):
 garbage-first heap   total 131072K, used 5578K [0x0000000080000000, 0x0000000100000000)
  region size 1024K, 1 young (1024K), 1 survivors (1024K)
 Metaspace       used 5933K, capacity 6014K, committed 6272K, reserved 1056768K
  class space    used 527K, capacity 535K, committed 640K, reserved 1048576K
}
Event: 2.045 GC heap before
{Heap before GC invocations=2 (full 0):
 garbage-first heap   total 131072K, used 15818K [0x0000000080000000, 0x0000000100000000)
  region size 1024K, 12 young (12288K), 1 survivors (1024K)
 Metaspace       used 12309K, capacity 12551K, committed 12800K, reserved 1060864K
  class space    used 1310K, capacity 1434K, committed 1536K, reserved 1048576K
}
Event: 2.051 GC heap after
{Heap after GC invocations=3 (full 0):
 garbage-first heap   total 131072K, used 8306K [0x0000000080000000, 0x0000000100000000)
  region size 1024K, 2 young (2048K), 2 survivors (2048K)
 Metaspace       used 12309K, capacity 12551K, committed 12800K, reserved 1060864K
  class space    used 1310K, capacity 1434K, committed 1536K, reserved 1048576K
}
Event: 3.326 GC heap before
{Heap before GC invocations=3 (full 0):
 garbage-first heap   total 131072K, used 46194K [0x0000000080000000, 0x0000000100000000)
  region size 1024K, 39 young (39936K), 2 survivors (2048K)
 Metaspace       used 18388K, capacity 18937K, committed 19072K, reserved 1067008K
  class space    used 2132K, capacity 2363K, committed 2432K, reserved 1048576K
}
Event: 3.336 GC heap after
{Heap after GC invocations=4 (full 0):
 garbage-first heap   total 131072K, used 10694K [0x0000000080000000, 0x0000000100000000)
  region size 1024K, 5 young (5120K), 5 survivors (5120K)
 Metaspace       used 18388K, capacity 18937K, committed 19072K, reserved 1067008K
  class space    used 2132K, capacity 2363K, committed 2432K, reserved 1048576K
}
Event: 3.561 GC heap before
{Heap before GC invocations=4 (full 0):
 garbage-first heap   total 131072K, used 26054K [0x0000000080000000, 0x0000000100000000)
  region size 1024K, 22 young (22528K), 5 survivors (5120K)
 Metaspace       used 20525K, capacity 21141K, committed 21248K, reserved 1067008K
  class space    used 2458K, capacity 2741K, committed 2816K, reserved 1048576K
}
Event: 3.571 GC heap after
{Heap after GC invocations=5 (full 0):
 garbage-first heap   total 131072K, used 11230K [0x0000000080000000, 0x0000000100000000)
  region size 1024K, 3 young (3072K), 3 survivors (3072K)
 Metaspace       used 20525K, capacity 21141K, committed 21248K, reserved 1067008K
  class space    used 2458K, capacity 2741K, committed 2816K, reserved 1048576K
}
Event: 4.023 GC heap before
{Heap before GC invocations=6 (full 0):
 garbage-first heap   total 131072K, used 52190K [0x0000000080000000, 0x0000000100000000)
  region size 1024K, 44 young (45056K), 3 survivors (3072K)
 Metaspace       used 24761K, capacity 25516K, committed 25856K, reserved 1071104K
  class space    used 3163K, capacity 3496K, committed 3584K, reserved 1048576K
}
Event: 4.036 GC heap after
{Heap after GC invocations=7 (full 0):
 garbage-first heap   total 131072K, used 12664K [0x0000000080000000, 0x0000000100000000)
  region size 1024K, 5 young (5120K), 5 survivors (5120K)
 Metaspace       used 24761K, capacity 25516K, committed 25856K, reserved 1071104K
  class space    used 3163K, capacity 3496K, committed 3584K, reserved 1048576K
}
Event: 4.175 GC heap before
{Heap before GC invocations=7 (full 0):
 garbage-first heap   total 131072K, used 62840K [0x0000000080000000, 0x0000000100000000)
  region size 1024K, 55 young (56320K), 5 survivors (5120K)
 Metaspace       used 26305K, capacity 27134K, committed 27264K, reserved 1073152K
  class space    used 3333K, capacity 3678K, committed 3712K, reserved 1048576K
}

